#
# A fatal error has been detected by the Java Runtime Environment:
#
#  EXCEPTION_INT_DIVIDE_BY_ZERO (0xc0000094) at pc=0x55ed8fb2, pid=9572, tid=0x000007c4
#
# JRE version: Java(TM) SE Runtime Environment (8.0_171-b11) (build 1.8.0_171-b11)
# Java VM: Java HotSpot(TM) Client VM (25.171-b11 mixed mode, sharing windows-x86 )
# Problematic frame:
# C  [dpfpdd.dll+0x8fb2]
#
# Failed to write core dump. Minidumps are not enabled by default on client versions of Windows
#
# If you would like to submit a bug report, please visit:
#   http://bugreport.java.com/bugreport/crash.jsp
# The crash happened outside the Java Virtual Machine in native code.
# See problematic frame for where to report the bug.
#

---------------  T H R E A D  ---------------

Current thread (0x15c08000):  JavaThread "Thread-2" [_thread_in_native, id=1988, stack(0x16b10000,0x16b60000)]

siginfo: ExceptionCode=0xc0000094

Registers:
EAX=0x00000000, EBX=0x16702e08, ECX=0x000001f4, EDX=0x00000000
ESP=0x16b5f56c, EBP=0x16b5f6ac, ESI=0x16b5f7e0, EDI=0x00000000
EIP=0x55ed8fb2, EFLAGS=0x00010246

Top of Stack: (sp=0x16b5f56c)
0x16b5f56c:   e8359438 082229a2 16b5f7e0 b50001b4
0x16b5f57c:   00000000 00000030 16702e08 16b5f7d0
0x16b5f58c:   16702e08 55eefd5c 16b5f7ac 55eefd40
0x16b5f59c:   16781140 16b5f604 16b5f630 fffffe51
0x16b5f5ac:   fffffe51 00000005 fffffe53 16781140
0x16b5f5bc:   57197f44 fffffffb fffffe4e 00000000
0x16b5f5cc:   16b5f668 167804a4 00000001 16b5f784
0x16b5f5dc:   570b97cd 00000004 ffffffff ffffffff 

Instructions: (pc=0x55ed8fb2)
0x55ed8f92:   b8 ee 55 e8 d6 cc ff ff 8b 44 24 1c 8b 48 0c 8b
0x55ed8fa2:   83 08 06 00 00 8b bb 10 06 00 00 0f af c1 33 d2
0x55ed8fb2:   f7 f7 33 d2 89 44 24 20 8b 83 0c 06 00 00 0f af
0x55ed8fc2:   c1 f7 f7 8b 4c 24 1c 0f af 44 24 20 89 44 24 14 


Register to memory mapping:

EAX=0x00000000 is an unknown value
EBX=0x16702e08 is an unknown value
ECX=0x000001f4 is an unknown value
EDX=0x00000000 is an unknown value
ESP=0x16b5f56c is pointing into the stack for thread: 0x15c08000
EBP=0x16b5f6ac is pointing into the stack for thread: 0x15c08000
ESI=0x16b5f7e0 is pointing into the stack for thread: 0x15c08000
EDI=0x00000000 is an unknown value


Stack: [0x16b10000,0x16b60000],  sp=0x16b5f56c,  free space=317k
Native frames: (J=compiled Java code, j=interpreted, Vv=VM code, C=native code)
C  [dpfpdd.dll+0x8fb2]
C  [dpfpdd.dll+0x77cc]
C  [dpuareu_jni.dll+0x2c8d]
C  [dpuareu_jni.dll+0x4483]
j  com.digitalpersona.uareu.jni.Dpfpdd.DpfpddCapture(JIIIIILcom/digitalpersona/uareu/jni/Dpfpdd$IntReference;Lcom/digitalpersona/uareu/jni/Dpfpdd$IntReference;Lcom/digitalpersona/uareu/dpfpdd/FidImpl;)I+0
j  com.digitalpersona.uareu.jni.Dpfpdd.capture(JILcom/digitalpersona/uareu/Fid$Format;Lcom/digitalpersona/uareu/Reader$ImageProcessing;II)Lcom/digitalpersona/uareu/Reader$CaptureResult;+57
j  com.digitalpersona.uareu.dpfpdd.ReaderCollectionImpl$ReaderImpl.Capture(Lcom/digitalpersona/uareu/Fid$Format;Lcom/digitalpersona/uareu/Reader$ImageProcessing;II)Lcom/digitalpersona/uareu/Reader$CaptureResult;+20
j  LectorHuella.Scanner.LeerHuella()V+26
j  LectorHuella.Scanner.access$200(LLectorHuella/Scanner;)V+1
j  LectorHuella.Scanner$3.run()V+4
j  java.lang.Thread.run()V+11
v  ~StubRoutines::call_stub
V  [jvm.dll+0x15b985]
V  [jvm.dll+0x22262e]
V  [jvm.dll+0x15ba1e]
V  [jvm.dll+0x15bba6]
V  [jvm.dll+0x15bc17]
V  [jvm.dll+0xffb3f]
V  [jvm.dll+0x17eb50]
V  [jvm.dll+0x17f3ca]
V  [jvm.dll+0x1c3fe6]
C  [msvcr100.dll+0x5c556]
C  [msvcr100.dll+0x5c600]
C  [KERNEL32.DLL+0x18484]
C  [ntdll.dll+0x6305a]
C  [ntdll.dll+0x6302a]
C  0x00000000

Java frames: (J=compiled Java code, j=interpreted, Vv=VM code)
j  com.digitalpersona.uareu.jni.Dpfpdd.DpfpddCapture(JIIIIILcom/digitalpersona/uareu/jni/Dpfpdd$IntReference;Lcom/digitalpersona/uareu/jni/Dpfpdd$IntReference;Lcom/digitalpersona/uareu/dpfpdd/FidImpl;)I+0
j  com.digitalpersona.uareu.jni.Dpfpdd.capture(JILcom/digitalpersona/uareu/Fid$Format;Lcom/digitalpersona/uareu/Reader$ImageProcessing;II)Lcom/digitalpersona/uareu/Reader$CaptureResult;+57
j  com.digitalpersona.uareu.dpfpdd.ReaderCollectionImpl$ReaderImpl.Capture(Lcom/digitalpersona/uareu/Fid$Format;Lcom/digitalpersona/uareu/Reader$ImageProcessing;II)Lcom/digitalpersona/uareu/Reader$CaptureResult;+20
j  LectorHuella.Scanner.LeerHuella()V+26
j  LectorHuella.Scanner.access$200(LLectorHuella/Scanner;)V+1
j  LectorHuella.Scanner$3.run()V+4
j  java.lang.Thread.run()V+11
v  ~StubRoutines::call_stub

---------------  P R O C E S S  ---------------

Java Threads: ( => current thread )
=>0x15c08000 JavaThread "Thread-2" [_thread_in_native, id=1988, stack(0x16b10000,0x16b60000)]
  0x0296cc00 JavaThread "DestroyJavaVM" [_thread_blocked, id=3780, stack(0x02720000,0x02770000)]
  0x15ba0c00 JavaThread "AWT-EventQueue-0" [_thread_blocked, id=10336, stack(0x164d0000,0x16520000)]
  0x15b70400 JavaThread "AWT-Windows" daemon [_thread_in_native, id=7328, stack(0x16440000,0x16490000)]
  0x15b6fc00 JavaThread "AWT-Shutdown" [_thread_blocked, id=5420, stack(0x163b0000,0x16400000)]
  0x15b6f000 JavaThread "Java2D Disposer" daemon [_thread_blocked, id=14428, stack(0x15da0000,0x15df0000)]
  0x028eb800 JavaThread "Service Thread" daemon [_thread_blocked, id=7692, stack(0x15970000,0x159c0000)]
  0x028d1000 JavaThread "C1 CompilerThread0" daemon [_thread_blocked, id=1180, stack(0x158e0000,0x15930000)]
  0x028d0000 JavaThread "Attach Listener" daemon [_thread_blocked, id=13804, stack(0x15850000,0x158a0000)]
  0x028ce000 JavaThread "Signal Dispatcher" daemon [_thread_blocked, id=7052, stack(0x15180000,0x151d0000)]
  0x028c5400 JavaThread "Finalizer" daemon [_thread_blocked, id=8988, stack(0x14fe0000,0x15030000)]
  0x02867400 JavaThread "Reference Handler" daemon [_thread_blocked, id=6272, stack(0x14f50000,0x14fa0000)]

Other Threads:
  0x02864800 VMThread [stack: 0x14ec0000,0x14f10000] [id=9264]
  0x02909c00 WatcherThread [stack: 0x15a00000,0x15a50000] [id=6952]

VM state:not at safepoint (normal execution)

VM Mutex/Monitor currently owned by a thread: None

Heap:
 def new generation   total 4928K, used 2691K [0x04a00000, 0x04f50000, 0x09f50000)
  eden space 4416K,  49% used [0x04a00000, 0x04c20f30, 0x04e50000)
  from space 512K, 100% used [0x04ed0000, 0x04f50000, 0x04f50000)
  to   space 512K,   0% used [0x04e50000, 0x04e50000, 0x04ed0000)
 tenured generation   total 10944K, used 1002K [0x09f50000, 0x0aa00000, 0x14a00000)
   the space 10944K,   9% used [0x09f50000, 0x0a04aa48, 0x0a04ac00, 0x0aa00000)
 Metaspace       used 1488K, capacity 2571K, committed 2624K, reserved 4480K

Card table byte_map: [0x04970000,0x04a00000] byte_map_base: 0x0494b000

Polling page: 0x00b00000

CodeCache: size=32768Kb used=973Kb max_used=973Kb free=31794Kb
 bounds [0x02970000, 0x02a68000, 0x04970000]
 total_blobs=455 nmethods=226 adapters=160
 compilation: enabled

Compilation events (10 events):
Event: 0.551 Thread 0x028d1000  220             java.awt.MultipleGradientPaintContext::interpolate (202 bytes)
Event: 0.552 Thread 0x028d1000 nmethod 220 0x02a62088 code [0x02a621f0, 0x02a62460]
Event: 3.369 Thread 0x028d1000  222             java.util.ArrayList::access$000 (5 bytes)
Event: 3.369 Thread 0x028d1000 nmethod 222 0x02a62948 code [0x02a62a40, 0x02a62ab0]
Event: 3.615 Thread 0x028d1000  223             java.awt.Component::inside (30 bytes)
Event: 3.616 Thread 0x028d1000 nmethod 223 0x02a62b08 code [0x02a62c00, 0x02a62cc0]
Event: 3.629 Thread 0x028d1000  224             java.util.ArrayList$Itr::hasNext (20 bytes)
Event: 3.629 Thread 0x028d1000 nmethod 224 0x02a62d08 code [0x02a62e00, 0x02a62ea0]
Event: 3.643 Thread 0x028d1000  225             javax.swing.JComponent::contains (27 bytes)
Event: 3.644 Thread 0x028d1000 nmethod 225 0x02a62f08 code [0x02a63000, 0x02a63130]

GC Heap History (2 events):
Event: 0.218 GC heap before
{Heap before GC invocations=0 (full 0):
 def new generation   total 4928K, used 4416K [0x04a00000, 0x04f50000, 0x09f50000)
  eden space 4416K, 100% used [0x04a00000, 0x04e50000, 0x04e50000)
  from space 512K,   0% used [0x04e50000, 0x04e50000, 0x04ed0000)
  to   space 512K,   0% used [0x04ed0000, 0x04ed0000, 0x04f50000)
 tenured generation   total 10944K, used 0K [0x09f50000, 0x0aa00000, 0x14a00000)
   the space 10944K,   0% used [0x09f50000, 0x09f50000, 0x09f50200, 0x0aa00000)
 Metaspace       used 1092K, capacity 2497K, committed 2624K, reserved 4480K
Event: 0.222 GC heap after
Heap after GC invocations=1 (full 0):
 def new generation   total 4928K, used 512K [0x04a00000, 0x04f50000, 0x09f50000)
  eden space 4416K,   0% used [0x04a00000, 0x04a00000, 0x04e50000)
  from space 512K, 100% used [0x04ed0000, 0x04f50000, 0x04f50000)
  to   space 512K,   0% used [0x04e50000, 0x04e50000, 0x04ed0000)
 tenured generation   total 10944K, used 1002K [0x09f50000, 0x0aa00000, 0x14a00000)
   the space 10944K,   9% used [0x09f50000, 0x0a04aa48, 0x0a04ac00, 0x0aa00000)
 Metaspace       used 1092K, capacity 2497K, committed 2624K, reserved 4480K
}

Deoptimization events (0 events):
No events

Classes redefined (0 events):
No events

Internal exceptions (10 events):
Event: 0.200 Thread 0x0296cc00 Exception <a 'java/lang/ClassNotFoundException': ToolBar> (0x04dad6a8) thrown at [C:\re\workspace\8-2-build-windows-i586-cygwin\jdk8u171\10807\hotspot\src\share\vm\classfile\systemDictionary.cpp, line 210]
Event: 0.200 Thread 0x0296cc00 Exception <a 'java/lang/ClassNotFoundException': ToggleButton> (0x04dadbf0) thrown at [C:\re\workspace\8-2-build-windows-i586-cygwin\jdk8u171\10807\hotspot\src\share\vm\classfile\systemDictionary.cpp, line 210]
Event: 0.200 Thread 0x0296cc00 Exception <a 'java/lang/ClassNotFoundException': javax/swing/JToolBarSeparator> (0x04dadff8) thrown at [C:\re\workspace\8-2-build-windows-i586-cygwin\jdk8u171\10807\hotspot\src\share\vm\classfile\systemDictionary.cpp, line 210]
Event: 0.200 Thread 0x0296cc00 Exception <a 'java/lang/ClassNotFoundException': ToolBarSeparator> (0x04dae450) thrown at [C:\re\workspace\8-2-build-windows-i586-cygwin\jdk8u171\10807\hotspot\src\share\vm\classfile\systemDictionary.cpp, line 210]
Event: 0.200 Thread 0x0296cc00 Exception <a 'java/lang/ClassNotFoundException': ToolTip> (0x04daeaf8) thrown at [C:\re\workspace\8-2-build-windows-i586-cygwin\jdk8u171\10807\hotspot\src\share\vm\classfile\systemDictionary.cpp, line 210]
Event: 0.200 Thread 0x0296cc00 Exception <a 'java/lang/ClassNotFoundException': Tree> (0x04daf608) thrown at [C:\re\workspace\8-2-build-windows-i586-cygwin\jdk8u171\10807\hotspot\src\share\vm\classfile\systemDictionary.cpp, line 210]
Event: 0.200 Thread 0x0296cc00 Exception <a 'java/lang/ClassNotFoundException': Tree> (0x04dafca8) thrown at [C:\re\workspace\8-2-build-windows-i586-cygwin\jdk8u171\10807\hotspot\src\share\vm\classfile\systemDictionary.cpp, line 210]
Event: 0.200 Thread 0x0296cc00 Exception <a 'java/lang/ClassNotFoundException': javax/swing/JTreeCell> (0x04daffe0) thrown at [C:\re\workspace\8-2-build-windows-i586-cygwin\jdk8u171\10807\hotspot\src\share\vm\classfile\systemDictionary.cpp, line 210]
Event: 0.200 Thread 0x0296cc00 Exception <a 'java/lang/ClassNotFoundException': TreeCell> (0x04db0428) thrown at [C:\re\workspace\8-2-build-windows-i586-cygwin\jdk8u171\10807\hotspot\src\share\vm\classfile\systemDictionary.cpp, line 210]
Event: 0.200 Thread 0x0296cc00 Exception <a 'java/lang/ClassNotFoundException': RootPane> (0x04db0da0) thrown at [C:\re\workspace\8-2-build-windows-i586-cygwin\jdk8u171\10807\hotspot\src\share\vm\classfile\systemDictionary.cpp, line 210]

Events (10 events):
Event: 4.082 Executing VM operation: EnableBiasedLocking done
Event: 4.136 loading class LectorHuella/Scanner$3
Event: 4.136 loading class LectorHuella/Scanner$3 done
Event: 4.138 Thread 0x15c08000 Thread added: 0x15c08000
Event: 4.529 loading class com/digitalpersona/uareu/dpfpdd/FidImpl
Event: 4.529 loading class com/digitalpersona/uareu/dpfpdd/FidImpl done
Event: 4.530 loading class com/digitalpersona/uareu/Fid$Fiv
Event: 4.530 loading class com/digitalpersona/uareu/Fid$Fiv done
Event: 4.531 loading class com/digitalpersona/uareu/dpfpdd/FidImpl$FivImpl
Event: 4.531 loading class com/digitalpersona/uareu/dpfpdd/FidImpl$FivImpl done


Dynamic libraries:
0x00e60000 - 0x00e93000 	C:\Program Files (x86)\Java\jdk1.8.0_171\bin\java.exe
0x76fc0000 - 0x77150000 	C:\WINDOWS\SYSTEM32\ntdll.dll
0x73da0000 - 0x73e80000 	C:\WINDOWS\System32\KERNEL32.DLL
0x76ce0000 - 0x76ec4000 	C:\WINDOWS\System32\KERNELBASE.dll
0x70ce0000 - 0x70d7d000 	C:\WINDOWS\SYSTEM32\apphelp.dll
0x738a0000 - 0x73918000 	C:\WINDOWS\System32\ADVAPI32.dll
0x74900000 - 0x749bf000 	C:\WINDOWS\System32\msvcrt.dll
0x767a0000 - 0x767e4000 	C:\WINDOWS\System32\sechost.dll
0x749c0000 - 0x74a80000 	C:\WINDOWS\System32\RPCRT4.dll
0x73880000 - 0x738a0000 	C:\WINDOWS\System32\SspiCli.dll
0x73870000 - 0x7387a000 	C:\WINDOWS\System32\CRYPTBASE.dll
0x74350000 - 0x743a8000 	C:\WINDOWS\System32\bcryptPrimitives.dll
0x76a40000 - 0x76bcd000 	C:\WINDOWS\System32\USER32.dll
0x73bc0000 - 0x73bd7000 	C:\WINDOWS\System32\win32u.dll
0x748d0000 - 0x748f2000 	C:\WINDOWS\System32\GDI32.dll
0x73920000 - 0x73a84000 	C:\WINDOWS\System32\gdi32full.dll
0x74c90000 - 0x74d0d000 	C:\WINDOWS\System32\msvcp_win.dll
0x74b70000 - 0x74c8e000 	C:\WINDOWS\System32\ucrtbase.dll
0x6fcc0000 - 0x6fec4000 	C:\WINDOWS\WinSxS\x86_microsoft.windows.common-controls_6595b64144ccf1df_6.0.17134.285_none_42efceba44e1907b\COMCTL32.dll
0x73e80000 - 0x740dc000 	C:\WINDOWS\System32\combase.dll
0x73b90000 - 0x73bb6000 	C:\WINDOWS\System32\IMM32.DLL
0x579e0000 - 0x57a9f000 	C:\Program Files (x86)\Java\jdk1.8.0_171\jre\bin\msvcr100.dll
0x56ed0000 - 0x572a1000 	C:\Program Files (x86)\Java\jdk1.8.0_171\jre\bin\client\jvm.dll
0x76cc0000 - 0x76cc6000 	C:\WINDOWS\System32\PSAPI.DLL
0x6f0b0000 - 0x6f0b8000 	C:\WINDOWS\SYSTEM32\WSOCK32.dll
0x70b10000 - 0x70b34000 	C:\WINDOWS\SYSTEM32\WINMM.dll
0x73720000 - 0x73728000 	C:\WINDOWS\SYSTEM32\VERSION.dll
0x76160000 - 0x761c7000 	C:\WINDOWS\System32\WS2_32.dll
0x70570000 - 0x70593000 	C:\WINDOWS\SYSTEM32\WINMMBASE.dll
0x769f0000 - 0x76a29000 	C:\WINDOWS\System32\cfgmgr32.dll
0x6b430000 - 0x6b43c000 	C:\Program Files (x86)\Java\jdk1.8.0_171\jre\bin\verify.dll
0x580f0000 - 0x58112000 	C:\Program Files (x86)\Java\jdk1.8.0_171\jre\bin\java.dll
0x5f990000 - 0x5f9a4000 	C:\Program Files (x86)\Java\jdk1.8.0_171\jre\bin\zip.dll
0x74e10000 - 0x7615a000 	C:\WINDOWS\System32\SHELL32.dll
0x74ae0000 - 0x74b68000 	C:\WINDOWS\System32\shcore.dll
0x761d0000 - 0x7678a000 	C:\WINDOWS\System32\windows.storage.dll
0x76840000 - 0x76885000 	C:\WINDOWS\System32\shlwapi.dll
0x76890000 - 0x7689f000 	C:\WINDOWS\System32\kernel.appcore.dll
0x74d10000 - 0x74d28000 	C:\WINDOWS\System32\profapi.dll
0x74dc0000 - 0x74e05000 	C:\WINDOWS\System32\powrprof.dll
0x76790000 - 0x76798000 	C:\WINDOWS\System32\FLTLIB.DLL
0x56d80000 - 0x56ec5000 	C:\Program Files (x86)\Java\jdk1.8.0_171\jre\bin\awt.dll
0x74140000 - 0x741d6000 	C:\WINDOWS\System32\OLEAUT32.dll
0x700b0000 - 0x7012c000 	C:\WINDOWS\system32\uxtheme.dll
0x768a0000 - 0x769e4000 	C:\WINDOWS\System32\MSCTF.dll
0x709a0000 - 0x709c3000 	C:\WINDOWS\system32\dwmapi.dll
0x73a90000 - 0x73b8c000 	C:\WINDOWS\System32\ole32.dll
0x56c60000 - 0x56c99000 	C:\Program Files (x86)\Java\jdk1.8.0_171\jre\bin\fontmanager.dll
0x56ca0000 - 0x56d79000 	C:\WINDOWS\system32\opengl32.dll
0x58090000 - 0x580cf000 	C:\WINDOWS\SYSTEM32\GLU32.dll
0x580d0000 - 0x580e5000 	C:\Program Files (x86)\Java\jdk1.8.0_171\jre\bin\net.dll
0x72bf0000 - 0x72c46000 	C:\WINDOWS\system32\mswsock.dll
0x6b420000 - 0x6b42f000 	C:\Program Files (x86)\Java\jdk1.8.0_171\jre\bin\nio.dll
0x56c20000 - 0x56c52000 	C:\Program Files (x86)\Java\jdk1.8.0_171\jre\bin\t2k.dll
0x55f00000 - 0x55f20000 	C:\Windows\System32\dpuareu_jni.dll
0x55910000 - 0x55969000 	C:\WINDOWS\SYSTEM32\dpfj.dll
0x55ed0000 - 0x55ef5000 	C:\WINDOWS\SYSTEM32\dpfpdd.dll
0x6fc30000 - 0x6fcb9000 	C:\WINDOWS\SYSTEM32\DPFPApi.DLL
0x73c00000 - 0x73d96000 	C:\WINDOWS\System32\CRYPT32.dll
0x76cd0000 - 0x76cde000 	C:\WINDOWS\System32\MSASN1.dll
0x709f0000 - 0x70a11000 	C:\WINDOWS\SYSTEM32\USERENV.dll
0x6fbe0000 - 0x6fc2c000 	C:\WINDOWS\system32\DPCLBACK.dll
0x6fbc0000 - 0x6fbd3000 	C:\WINDOWS\SYSTEM32\NETAPI32.dll
0x6ffb0000 - 0x6ffbb000 	C:\WINDOWS\SYSTEM32\NETUTILS.DLL
0x6fff0000 - 0x70019000 	C:\WINDOWS\SYSTEM32\ntmarta.dll
0x72bd0000 - 0x72be3000 	C:\WINDOWS\SYSTEM32\CRYPTSP.dll
0x72ba0000 - 0x72bcf000 	C:\WINDOWS\system32\rsaenh.dll
0x73580000 - 0x73599000 	C:\WINDOWS\SYSTEM32\bcrypt.dll
0x59ca0000 - 0x59d1d000 	C:\WINDOWS\System32\TextInputFramework.dll
0x599b0000 - 0x59a3b000 	C:\WINDOWS\System32\CoreMessaging.dll
0x59a40000 - 0x59c9d000 	C:\WINDOWS\System32\CoreUIComponents.dll
0x6bb40000 - 0x6bc16000 	C:\WINDOWS\SYSTEM32\wintypes.dll
0x56bf0000 - 0x56c14000 	C:\Program Files (x86)\Java\jdk1.8.0_171\jre\bin\dcpr.dll
0x6ee80000 - 0x6f002000 	C:\WINDOWS\SYSTEM32\dbghelp.dll

VM Arguments:
jvm_args: -Dfile.encoding=UTF-8 
java_command: LectorHuella.Scanner
java_class_path (initial): C:\Users\Erick\Desktop\CodigosEK\ScannerHuella\Librerias\dpuareu.jar;C:\Users\Erick\Desktop\CodigosEK\ScannerHuella\LectorDeHuella\build\classes
Launcher Type: SUN_STANDARD

Environment Variables:
JAVA_HOME=C:\Program Files (x86)\Java\jdk1.8.0_171
PATH=C:\Program Files (x86)\Intel\Intel(R) Management Engine Components\iCLS\;C:\Program Files\Intel\Intel(R) Management Engine Components\iCLS\;C:\Program Files (x86)\Common Files\Oracle\Java\javapath;C:\WINDOWS\system32;C:\WINDOWS;C:\WINDOWS\System32\Wbem;C:\WINDOWS\System32\WindowsPowerShell\v1.0\;C:\Program Files\Intel\WiFi\bin\;C:\Program Files\Common Files\Intel\WirelessCommon\;C:\Program Files\dotnet\;C:\WINDOWS\System32\OpenSSH\;C:\Program Files (x86)\Intel\Intel(R) Management Engine Components\DAL;C:\Program Files\Intel\Intel(R) Management Engine Components\DAL;C:\Program Files (x86)\Intel\Intel(R) Management Engine Components\IPT;C:\Program Files\Intel\Intel(R) Management Engine Components\IPT;C:\Users\Erick\AppData\Local\Microsoft\WindowsApps;%USERPROFILE%\AppData\Local\Microsoft\WindowsApps;
USERNAME=Usuario
OS=Windows_NT
PROCESSOR_IDENTIFIER=Intel64 Family 6 Model 142 Stepping 9, GenuineIntel



---------------  S Y S T E M  ---------------

OS: Windows 10.0 , 64 bit Build 17134 (10.0.17134.1)

CPU:total 4 (initial active 4) (2 cores per cpu, 2 threads per core) family 6 model 142 stepping 9, cmov, cx8, fxsr, mmx, sse, sse2, sse3, ssse3, sse4.1, sse4.2, popcnt, avx, avx2, aes, clmul, erms, 3dnowpref, lzcnt, ht, tsc, tscinvbit, bmi1, bmi2, adx

Memory: 4k page, physical 8283328k(4127876k free), swap 9594048k(3373668k free)

vm_info: Java HotSpot(TM) Client VM (25.171-b11) for windows-x86 JRE (1.8.0_171-b11), built on Mar 28 2018 14:51:22 by "java_re" with MS VC++ 10.0 (VS2010)

time: Tue Sep 18 12:49:21 2018
elapsed time: 4 seconds (0d 0h 0m 4s)

