#
# A fatal error has been detected by the Java Runtime Environment:
#
#  EXCEPTION_INT_DIVIDE_BY_ZERO (0xc0000094) at pc=0x55ed8fb2, pid=1040, tid=0x00000750
#
# JRE version: Java(TM) SE Runtime Environment (8.0_171-b11) (build 1.8.0_171-b11)
# Java VM: Java HotSpot(TM) Client VM (25.171-b11 mixed mode, sharing windows-x86 )
# Problematic frame:
# C  [dpfpdd.dll+0x8fb2]
#
# Failed to write core dump. Minidumps are not enabled by default on client versions of Windows
#
# If you would like to submit a bug report, please visit:
#   http://bugreport.java.com/bugreport/crash.jsp
# The crash happened outside the Java Virtual Machine in native code.
# See problematic frame for where to report the bug.
#

---------------  T H R E A D  ---------------

Current thread (0x1509b400):  JavaThread "Thread-2" [_thread_in_native, id=1872, stack(0x168d0000,0x16920000)]

siginfo: ExceptionCode=0xc0000094

Registers:
EAX=0x00000000, EBX=0x15cd2e08, ECX=0x000001f4, EDX=0x00000000
ESP=0x1691eeac, EBP=0x1691efec, ESI=0x1691f120, EDI=0x00000000
EIP=0x55ed8fb2, EFLAGS=0x00010246

Top of Stack: (sp=0x1691eeac)
0x1691eeac:   8cc14115 08214c23 1691f120 b50001b4
0x1691eebc:   00000000 00000030 15cd2e08 1691f110
0x1691eecc:   15cd2e08 55eefd5c 1691f0ec 55eefd40
0x1691eedc:   15ce1140 1691ef44 1691ef70 fffffe51
0x1691eeec:   fffffe51 00000005 fffffe53 15ce1140
0x1691eefc:   57197f44 fffffffb fffffe4e 00000000
0x1691ef0c:   1691efa8 15ce04a4 00000001 1691f0c4
0x1691ef1c:   570b97cd 00000004 ffffffff ffffffff 

Instructions: (pc=0x55ed8fb2)
0x55ed8f92:   b8 ee 55 e8 d6 cc ff ff 8b 44 24 1c 8b 48 0c 8b
0x55ed8fa2:   83 08 06 00 00 8b bb 10 06 00 00 0f af c1 33 d2
0x55ed8fb2:   f7 f7 33 d2 89 44 24 20 8b 83 0c 06 00 00 0f af
0x55ed8fc2:   c1 f7 f7 8b 4c 24 1c 0f af 44 24 20 89 44 24 14 


Register to memory mapping:

EAX=0x00000000 is an unknown value
EBX=0x15cd2e08 is an unknown value
ECX=0x000001f4 is an unknown value
EDX=0x00000000 is an unknown value
ESP=0x1691eeac is pointing into the stack for thread: 0x1509b400
EBP=0x1691efec is pointing into the stack for thread: 0x1509b400
ESI=0x1691f120 is pointing into the stack for thread: 0x1509b400
EDI=0x00000000 is an unknown value


Stack: [0x168d0000,0x16920000],  sp=0x1691eeac,  free space=315k
Native frames: (J=compiled Java code, j=interpreted, Vv=VM code, C=native code)
C  [dpfpdd.dll+0x8fb2]
C  [dpfpdd.dll+0x77cc]
C  [dpuareu_jni.dll+0x2c8d]
C  [dpuareu_jni.dll+0x4483]
j  com.digitalpersona.uareu.jni.Dpfpdd.DpfpddCapture(JIIIIILcom/digitalpersona/uareu/jni/Dpfpdd$IntReference;Lcom/digitalpersona/uareu/jni/Dpfpdd$IntReference;Lcom/digitalpersona/uareu/dpfpdd/FidImpl;)I+0
j  com.digitalpersona.uareu.jni.Dpfpdd.capture(JILcom/digitalpersona/uareu/Fid$Format;Lcom/digitalpersona/uareu/Reader$ImageProcessing;II)Lcom/digitalpersona/uareu/Reader$CaptureResult;+57
j  com.digitalpersona.uareu.dpfpdd.ReaderCollectionImpl$ReaderImpl.Capture(Lcom/digitalpersona/uareu/Fid$Format;Lcom/digitalpersona/uareu/Reader$ImageProcessing;II)Lcom/digitalpersona/uareu/Reader$CaptureResult;+20
j  LectorHuella.Scanner.LeerHuella()V+26
j  LectorHuella.Scanner.access$200(LLectorHuella/Scanner;)V+1
j  LectorHuella.Scanner$3.run()V+4
j  java.lang.Thread.run()V+11
v  ~StubRoutines::call_stub
V  [jvm.dll+0x15b985]
V  [jvm.dll+0x22262e]
V  [jvm.dll+0x15ba1e]
V  [jvm.dll+0x15bba6]
V  [jvm.dll+0x15bc17]
V  [jvm.dll+0xffb3f]
V  [jvm.dll+0x17eb50]
V  [jvm.dll+0x17f3ca]
V  [jvm.dll+0x1c3fe6]
C  [msvcr100.dll+0x5c556]
C  [msvcr100.dll+0x5c600]
C  [KERNEL32.DLL+0x18484]
C  [ntdll.dll+0x6305a]
C  [ntdll.dll+0x6302a]
C  0x00000000

Java frames: (J=compiled Java code, j=interpreted, Vv=VM code)
j  com.digitalpersona.uareu.jni.Dpfpdd.DpfpddCapture(JIIIIILcom/digitalpersona/uareu/jni/Dpfpdd$IntReference;Lcom/digitalpersona/uareu/jni/Dpfpdd$IntReference;Lcom/digitalpersona/uareu/dpfpdd/FidImpl;)I+0
j  com.digitalpersona.uareu.jni.Dpfpdd.capture(JILcom/digitalpersona/uareu/Fid$Format;Lcom/digitalpersona/uareu/Reader$ImageProcessing;II)Lcom/digitalpersona/uareu/Reader$CaptureResult;+57
j  com.digitalpersona.uareu.dpfpdd.ReaderCollectionImpl$ReaderImpl.Capture(Lcom/digitalpersona/uareu/Fid$Format;Lcom/digitalpersona/uareu/Reader$ImageProcessing;II)Lcom/digitalpersona/uareu/Reader$CaptureResult;+20
j  LectorHuella.Scanner.LeerHuella()V+26
j  LectorHuella.Scanner.access$200(LLectorHuella/Scanner;)V+1
j  LectorHuella.Scanner$3.run()V+4
j  java.lang.Thread.run()V+11
v  ~StubRoutines::call_stub

---------------  P R O C E S S  ---------------

Java Threads: ( => current thread )
=>0x1509b400 JavaThread "Thread-2" [_thread_in_native, id=1872, stack(0x168d0000,0x16920000)]
  0x0240cc00 JavaThread "DestroyJavaVM" [_thread_blocked, id=14112, stack(0x00d70000,0x00dc0000)]
  0x15032000 JavaThread "AWT-EventQueue-0" [_thread_blocked, id=6196, stack(0x15b00000,0x15b50000)]
  0x14fffc00 JavaThread "AWT-Windows" daemon [_thread_in_native, id=2268, stack(0x15970000,0x159c0000)]
  0x14fff400 JavaThread "AWT-Shutdown" [_thread_blocked, id=12856, stack(0x158e0000,0x15930000)]
  0x14ffe400 JavaThread "Java2D Disposer" daemon [_thread_blocked, id=13592, stack(0x15850000,0x158a0000)]
  0x02360400 JavaThread "Service Thread" daemon [_thread_blocked, id=14256, stack(0x14e00000,0x14e50000)]
  0x02341400 JavaThread "C1 CompilerThread0" daemon [_thread_blocked, id=7300, stack(0x14d70000,0x14dc0000)]
  0x02340000 JavaThread "Attach Listener" daemon [_thread_blocked, id=13640, stack(0x14ce0000,0x14d30000)]
  0x0233e000 JavaThread "Signal Dispatcher" daemon [_thread_blocked, id=9592, stack(0x14c50000,0x14ca0000)]
  0x02335400 JavaThread "Finalizer" daemon [_thread_blocked, id=2868, stack(0x14ab0000,0x14b00000)]
  0x022d7400 JavaThread "Reference Handler" daemon [_thread_blocked, id=6956, stack(0x14a60000,0x14ab0000)]

Other Threads:
  0x022d4800 VMThread [stack: 0x04530000,0x04580000] [id=10024]
  0x02376400 WatcherThread [stack: 0x14e90000,0x14ee0000] [id=13220]

VM state:not at safepoint (normal execution)

VM Mutex/Monitor currently owned by a thread: None

Heap:
 def new generation   total 4928K, used 2620K [0x04600000, 0x04b50000, 0x09b50000)
  eden space 4416K,  47% used [0x04600000, 0x0480f010, 0x04a50000)
  from space 512K, 100% used [0x04ad0000, 0x04b50000, 0x04b50000)
  to   space 512K,   0% used [0x04a50000, 0x04a50000, 0x04ad0000)
 tenured generation   total 10944K, used 1051K [0x09b50000, 0x0a600000, 0x14600000)
   the space 10944K,   9% used [0x09b50000, 0x09c56fa0, 0x09c57000, 0x0a600000)
 Metaspace       used 1488K, capacity 2571K, committed 2624K, reserved 4480K

Card table byte_map: [0x044a0000,0x04530000] byte_map_base: 0x0447d000

Polling page: 0x00ac0000

CodeCache: size=32768Kb used=973Kb max_used=973Kb free=31794Kb
 bounds [0x02420000, 0x02518000, 0x04420000]
 total_blobs=455 nmethods=226 adapters=160
 compilation: enabled

Compilation events (10 events):
Event: 0.584 Thread 0x02341400  220             java.awt.MultipleGradientPaintContext::interpolate (202 bytes)
Event: 0.585 Thread 0x02341400 nmethod 220 0x02512088 code [0x025121f0, 0x02512460]
Event: 1.972 Thread 0x02341400  222             java.util.ArrayList::access$000 (5 bytes)
Event: 1.972 Thread 0x02341400 nmethod 222 0x02512948 code [0x02512a40, 0x02512ab0]
Event: 2.557 Thread 0x02341400  223             java.awt.Component::inside (30 bytes)
Event: 2.558 Thread 0x02341400 nmethod 223 0x02512b08 code [0x02512c00, 0x02512cc0]
Event: 2.565 Thread 0x02341400  224             java.util.ArrayList$Itr::hasNext (20 bytes)
Event: 2.565 Thread 0x02341400 nmethod 224 0x02512d08 code [0x02512e00, 0x02512ea0]
Event: 2.595 Thread 0x02341400  225             javax.swing.JComponent::contains (27 bytes)
Event: 2.596 Thread 0x02341400 nmethod 225 0x02512f08 code [0x02513000, 0x02513130]

GC Heap History (2 events):
Event: 0.239 GC heap before
{Heap before GC invocations=0 (full 0):
 def new generation   total 4928K, used 4416K [0x04600000, 0x04b50000, 0x09b50000)
  eden space 4416K, 100% used [0x04600000, 0x04a50000, 0x04a50000)
  from space 512K,   0% used [0x04a50000, 0x04a50000, 0x04ad0000)
  to   space 512K,   0% used [0x04ad0000, 0x04ad0000, 0x04b50000)
 tenured generation   total 10944K, used 0K [0x09b50000, 0x0a600000, 0x14600000)
   the space 10944K,   0% used [0x09b50000, 0x09b50000, 0x09b50200, 0x0a600000)
 Metaspace       used 1165K, capacity 2499K, committed 2624K, reserved 4480K
Event: 0.244 GC heap after
Heap after GC invocations=1 (full 0):
 def new generation   total 4928K, used 512K [0x04600000, 0x04b50000, 0x09b50000)
  eden space 4416K,   0% used [0x04600000, 0x04600000, 0x04a50000)
  from space 512K, 100% used [0x04ad0000, 0x04b50000, 0x04b50000)
  to   space 512K,   0% used [0x04a50000, 0x04a50000, 0x04ad0000)
 tenured generation   total 10944K, used 1051K [0x09b50000, 0x0a600000, 0x14600000)
   the space 10944K,   9% used [0x09b50000, 0x09c56fa0, 0x09c57000, 0x0a600000)
 Metaspace       used 1165K, capacity 2499K, committed 2624K, reserved 4480K
}

Deoptimization events (0 events):
No events

Classes redefined (0 events):
No events

Internal exceptions (10 events):
Event: 0.217 Thread 0x0240cc00 Exception <a 'java/lang/ClassNotFoundException': ToolBar> (0x049ac960) thrown at [C:\re\workspace\8-2-build-windows-i586-cygwin\jdk8u171\10807\hotspot\src\share\vm\classfile\systemDictionary.cpp, line 210]
Event: 0.217 Thread 0x0240cc00 Exception <a 'java/lang/ClassNotFoundException': ToggleButton> (0x049acea8) thrown at [C:\re\workspace\8-2-build-windows-i586-cygwin\jdk8u171\10807\hotspot\src\share\vm\classfile\systemDictionary.cpp, line 210]
Event: 0.217 Thread 0x0240cc00 Exception <a 'java/lang/ClassNotFoundException': javax/swing/JToolBarSeparator> (0x049ad2b0) thrown at [C:\re\workspace\8-2-build-windows-i586-cygwin\jdk8u171\10807\hotspot\src\share\vm\classfile\systemDictionary.cpp, line 210]
Event: 0.217 Thread 0x0240cc00 Exception <a 'java/lang/ClassNotFoundException': ToolBarSeparator> (0x049ad708) thrown at [C:\re\workspace\8-2-build-windows-i586-cygwin\jdk8u171\10807\hotspot\src\share\vm\classfile\systemDictionary.cpp, line 210]
Event: 0.217 Thread 0x0240cc00 Exception <a 'java/lang/ClassNotFoundException': ToolTip> (0x049addb0) thrown at [C:\re\workspace\8-2-build-windows-i586-cygwin\jdk8u171\10807\hotspot\src\share\vm\classfile\systemDictionary.cpp, line 210]
Event: 0.217 Thread 0x0240cc00 Exception <a 'java/lang/ClassNotFoundException': Tree> (0x049ae898) thrown at [C:\re\workspace\8-2-build-windows-i586-cygwin\jdk8u171\10807\hotspot\src\share\vm\classfile\systemDictionary.cpp, line 210]
Event: 0.217 Thread 0x0240cc00 Exception <a 'java/lang/ClassNotFoundException': Tree> (0x049aef58) thrown at [C:\re\workspace\8-2-build-windows-i586-cygwin\jdk8u171\10807\hotspot\src\share\vm\classfile\systemDictionary.cpp, line 210]
Event: 0.217 Thread 0x0240cc00 Exception <a 'java/lang/ClassNotFoundException': javax/swing/JTreeCell> (0x049af290) thrown at [C:\re\workspace\8-2-build-windows-i586-cygwin\jdk8u171\10807\hotspot\src\share\vm\classfile\systemDictionary.cpp, line 210]
Event: 0.217 Thread 0x0240cc00 Exception <a 'java/lang/ClassNotFoundException': TreeCell> (0x049af6d8) thrown at [C:\re\workspace\8-2-build-windows-i586-cygwin\jdk8u171\10807\hotspot\src\share\vm\classfile\systemDictionary.cpp, line 210]
Event: 0.217 Thread 0x0240cc00 Exception <a 'java/lang/ClassNotFoundException': RootPane> (0x049b0050) thrown at [C:\re\workspace\8-2-build-windows-i586-cygwin\jdk8u171\10807\hotspot\src\share\vm\classfile\systemDictionary.cpp, line 210]

Events (10 events):
Event: 1.844 loading class sun/reflect/UnsafeBooleanFieldAccessorImpl done
Event: 3.091 loading class LectorHuella/Scanner$3
Event: 3.091 loading class LectorHuella/Scanner$3 done
Event: 3.093 Thread 0x1509b400 Thread added: 0x1509b400
Event: 3.490 loading class com/digitalpersona/uareu/dpfpdd/FidImpl
Event: 3.490 loading class com/digitalpersona/uareu/dpfpdd/FidImpl done
Event: 3.491 loading class com/digitalpersona/uareu/Fid$Fiv
Event: 3.491 loading class com/digitalpersona/uareu/Fid$Fiv done
Event: 3.491 loading class com/digitalpersona/uareu/dpfpdd/FidImpl$FivImpl
Event: 3.491 loading class com/digitalpersona/uareu/dpfpdd/FidImpl$FivImpl done


Dynamic libraries:
0x00e60000 - 0x00e93000 	C:\Program Files (x86)\Java\jdk1.8.0_171\bin\java.exe
0x76fc0000 - 0x77150000 	C:\WINDOWS\SYSTEM32\ntdll.dll
0x73da0000 - 0x73e80000 	C:\WINDOWS\System32\KERNEL32.DLL
0x76ce0000 - 0x76ec4000 	C:\WINDOWS\System32\KERNELBASE.dll
0x70ce0000 - 0x70d7d000 	C:\WINDOWS\SYSTEM32\apphelp.dll
0x738a0000 - 0x73918000 	C:\WINDOWS\System32\ADVAPI32.dll
0x74900000 - 0x749bf000 	C:\WINDOWS\System32\msvcrt.dll
0x767a0000 - 0x767e4000 	C:\WINDOWS\System32\sechost.dll
0x749c0000 - 0x74a80000 	C:\WINDOWS\System32\RPCRT4.dll
0x73880000 - 0x738a0000 	C:\WINDOWS\System32\SspiCli.dll
0x73870000 - 0x7387a000 	C:\WINDOWS\System32\CRYPTBASE.dll
0x74350000 - 0x743a8000 	C:\WINDOWS\System32\bcryptPrimitives.dll
0x76a40000 - 0x76bcd000 	C:\WINDOWS\System32\USER32.dll
0x73bc0000 - 0x73bd7000 	C:\WINDOWS\System32\win32u.dll
0x748d0000 - 0x748f2000 	C:\WINDOWS\System32\GDI32.dll
0x73920000 - 0x73a84000 	C:\WINDOWS\System32\gdi32full.dll
0x74c90000 - 0x74d0d000 	C:\WINDOWS\System32\msvcp_win.dll
0x74b70000 - 0x74c8e000 	C:\WINDOWS\System32\ucrtbase.dll
0x6fcc0000 - 0x6fec4000 	C:\WINDOWS\WinSxS\x86_microsoft.windows.common-controls_6595b64144ccf1df_6.0.17134.285_none_42efceba44e1907b\COMCTL32.dll
0x73e80000 - 0x740dc000 	C:\WINDOWS\System32\combase.dll
0x73b90000 - 0x73bb6000 	C:\WINDOWS\System32\IMM32.DLL
0x579e0000 - 0x57a9f000 	C:\Program Files (x86)\Java\jdk1.8.0_171\jre\bin\msvcr100.dll
0x56ed0000 - 0x572a1000 	C:\Program Files (x86)\Java\jdk1.8.0_171\jre\bin\client\jvm.dll
0x76cc0000 - 0x76cc6000 	C:\WINDOWS\System32\PSAPI.DLL
0x73720000 - 0x73728000 	C:\WINDOWS\SYSTEM32\VERSION.dll
0x70b10000 - 0x70b34000 	C:\WINDOWS\SYSTEM32\WINMM.dll
0x6f0b0000 - 0x6f0b8000 	C:\WINDOWS\SYSTEM32\WSOCK32.dll
0x76160000 - 0x761c7000 	C:\WINDOWS\System32\WS2_32.dll
0x70570000 - 0x70593000 	C:\WINDOWS\SYSTEM32\winmmbase.dll
0x769f0000 - 0x76a29000 	C:\WINDOWS\System32\cfgmgr32.dll
0x6b430000 - 0x6b43c000 	C:\Program Files (x86)\Java\jdk1.8.0_171\jre\bin\verify.dll
0x580f0000 - 0x58112000 	C:\Program Files (x86)\Java\jdk1.8.0_171\jre\bin\java.dll
0x5f990000 - 0x5f9a4000 	C:\Program Files (x86)\Java\jdk1.8.0_171\jre\bin\zip.dll
0x74e10000 - 0x7615a000 	C:\WINDOWS\System32\SHELL32.dll
0x74ae0000 - 0x74b68000 	C:\WINDOWS\System32\shcore.dll
0x761d0000 - 0x7678a000 	C:\WINDOWS\System32\windows.storage.dll
0x76840000 - 0x76885000 	C:\WINDOWS\System32\shlwapi.dll
0x76890000 - 0x7689f000 	C:\WINDOWS\System32\kernel.appcore.dll
0x74d10000 - 0x74d28000 	C:\WINDOWS\System32\profapi.dll
0x74dc0000 - 0x74e05000 	C:\WINDOWS\System32\powrprof.dll
0x76790000 - 0x76798000 	C:\WINDOWS\System32\FLTLIB.DLL
0x56d80000 - 0x56ec5000 	C:\Program Files (x86)\Java\jdk1.8.0_171\jre\bin\awt.dll
0x74140000 - 0x741d6000 	C:\WINDOWS\System32\OLEAUT32.dll
0x700b0000 - 0x7012c000 	C:\WINDOWS\system32\uxtheme.dll
0x768a0000 - 0x769e4000 	C:\WINDOWS\System32\MSCTF.dll
0x709a0000 - 0x709c3000 	C:\WINDOWS\system32\dwmapi.dll
0x73a90000 - 0x73b8c000 	C:\WINDOWS\System32\ole32.dll
0x56c60000 - 0x56c99000 	C:\Program Files (x86)\Java\jdk1.8.0_171\jre\bin\fontmanager.dll
0x56ca0000 - 0x56d79000 	C:\WINDOWS\system32\opengl32.dll
0x58090000 - 0x580cf000 	C:\WINDOWS\SYSTEM32\GLU32.dll
0x580d0000 - 0x580e5000 	C:\Program Files (x86)\Java\jdk1.8.0_171\jre\bin\net.dll
0x72bf0000 - 0x72c46000 	C:\WINDOWS\system32\mswsock.dll
0x6b420000 - 0x6b42f000 	C:\Program Files (x86)\Java\jdk1.8.0_171\jre\bin\nio.dll
0x56c20000 - 0x56c52000 	C:\Program Files (x86)\Java\jdk1.8.0_171\jre\bin\t2k.dll
0x55f00000 - 0x55f20000 	C:\Windows\System32\dpuareu_jni.dll
0x55910000 - 0x55969000 	C:\WINDOWS\SYSTEM32\dpfj.dll
0x55ed0000 - 0x55ef5000 	C:\WINDOWS\SYSTEM32\dpfpdd.dll
0x6fc30000 - 0x6fcb9000 	C:\WINDOWS\SYSTEM32\DPFPApi.DLL
0x73c00000 - 0x73d96000 	C:\WINDOWS\System32\CRYPT32.dll
0x76cd0000 - 0x76cde000 	C:\WINDOWS\System32\MSASN1.dll
0x709f0000 - 0x70a11000 	C:\WINDOWS\SYSTEM32\USERENV.dll
0x6fbe0000 - 0x6fc2c000 	C:\WINDOWS\system32\DPCLBACK.dll
0x6fbc0000 - 0x6fbd3000 	C:\WINDOWS\SYSTEM32\NETAPI32.dll
0x6ffb0000 - 0x6ffbb000 	C:\WINDOWS\SYSTEM32\NETUTILS.DLL
0x6fff0000 - 0x70019000 	C:\WINDOWS\SYSTEM32\ntmarta.dll
0x72bd0000 - 0x72be3000 	C:\WINDOWS\SYSTEM32\CRYPTSP.dll
0x72ba0000 - 0x72bcf000 	C:\WINDOWS\system32\rsaenh.dll
0x73580000 - 0x73599000 	C:\WINDOWS\SYSTEM32\bcrypt.dll
0x59ca0000 - 0x59d1d000 	C:\WINDOWS\System32\TextInputFramework.dll
0x599b0000 - 0x59a3b000 	C:\WINDOWS\System32\CoreMessaging.dll
0x59a40000 - 0x59c9d000 	C:\WINDOWS\System32\CoreUIComponents.dll
0x6bb40000 - 0x6bc16000 	C:\WINDOWS\SYSTEM32\wintypes.dll
0x56bf0000 - 0x56c14000 	C:\Program Files (x86)\Java\jdk1.8.0_171\jre\bin\dcpr.dll
0x6ee80000 - 0x6f002000 	C:\WINDOWS\SYSTEM32\dbghelp.dll

VM Arguments:
jvm_args: -Dfile.encoding=UTF-8 
java_command: LectorHuella.Scanner
java_class_path (initial): C:\Users\Erick\Desktop\CodigosEK\ScannerHuella\Librerias\dpuareu.jar;C:\Users\Erick\Desktop\CodigosEK\ScannerHuella\LectorDeHuella\build\classes
Launcher Type: SUN_STANDARD

Environment Variables:
JAVA_HOME=C:\Program Files (x86)\Java\jdk1.8.0_171
PATH=C:\Program Files (x86)\Intel\Intel(R) Management Engine Components\iCLS\;C:\Program Files\Intel\Intel(R) Management Engine Components\iCLS\;C:\Program Files (x86)\Common Files\Oracle\Java\javapath;C:\WINDOWS\system32;C:\WINDOWS;C:\WINDOWS\System32\Wbem;C:\WINDOWS\System32\WindowsPowerShell\v1.0\;C:\Program Files\Intel\WiFi\bin\;C:\Program Files\Common Files\Intel\WirelessCommon\;C:\Program Files\dotnet\;C:\WINDOWS\System32\OpenSSH\;C:\Program Files (x86)\Intel\Intel(R) Management Engine Components\DAL;C:\Program Files\Intel\Intel(R) Management Engine Components\DAL;C:\Program Files (x86)\Intel\Intel(R) Management Engine Components\IPT;C:\Program Files\Intel\Intel(R) Management Engine Components\IPT;C:\Users\Erick\AppData\Local\Microsoft\WindowsApps;%USERPROFILE%\AppData\Local\Microsoft\WindowsApps;
USERNAME=Usuario
OS=Windows_NT
PROCESSOR_IDENTIFIER=Intel64 Family 6 Model 142 Stepping 9, GenuineIntel



---------------  S Y S T E M  ---------------

OS: Windows 10.0 , 64 bit Build 17134 (10.0.17134.1)

CPU:total 4 (initial active 4) (2 cores per cpu, 2 threads per core) family 6 model 142 stepping 9, cmov, cx8, fxsr, mmx, sse, sse2, sse3, ssse3, sse4.1, sse4.2, popcnt, avx, avx2, aes, clmul, erms, 3dnowpref, lzcnt, ht, tsc, tscinvbit, bmi1, bmi2, adx

Memory: 4k page, physical 8283328k(4123628k free), swap 9594048k(3365112k free)

vm_info: Java HotSpot(TM) Client VM (25.171-b11) for windows-x86 JRE (1.8.0_171-b11), built on Mar 28 2018 14:51:22 by "java_re" with MS VC++ 10.0 (VS2010)

time: Tue Sep 18 12:48:24 2018
elapsed time: 3 seconds (0d 0h 0m 3s)

